{"/home/sergio/Documentos/CursoProyectosReact/proyectos/StockUp/api/src/router.ts": {"path":"/home/sergio/Documentos/CursoProyectosReact/proyectos/StockUp/api/src/router.ts","statementMap":{"0":{"start":{"line":1,"column":0},"end":{"line":1,"column":32}},"1":{"start":{"line":3,"column":0},"end":{"line":3,"column":128}},"2":{"start":{"line":4,"column":0},"end":{"line":4,"column":47}},"3":{"start":{"line":5,"column":0},"end":{"line":5,"column":48}},"4":{"start":{"line":7,"column":15},"end":{"line":7,"column":23}},"5":{"start":{"line":9,"column":0},"end":{"line":9,"column":null}},"6":{"start":{"line":11,"column":0},"end":{"line":14,"column":null}},"7":{"start":{"line":16,"column":0},"end":{"line":25,"column":null}},"8":{"start":{"line":22,"column":33},"end":{"line":22,"column":42}},"9":{"start":{"line":27,"column":0},"end":{"line":37,"column":null}},"10":{"start":{"line":33,"column":33},"end":{"line":33,"column":42}},"11":{"start":{"line":39,"column":0},"end":{"line":42,"column":null}},"12":{"start":{"line":44,"column":0},"end":{"line":48,"column":null}},"13":{"start":{"line":50,"column":0},"end":{"line":50,"column":null}}},"fnMap":{"0":{"name":"(anonymous_0)","decl":{"start":{"line":22,"column":24},"end":{"line":22,"column":29}},"loc":{"start":{"line":22,"column":33},"end":{"line":22,"column":42}}},"1":{"name":"(anonymous_1)","decl":{"start":{"line":33,"column":24},"end":{"line":33,"column":29}},"loc":{"start":{"line":33,"column":33},"end":{"line":33,"column":42}}}},"branchMap":{},"s":{"0":2,"1":2,"2":2,"3":2,"4":2,"5":2,"6":2,"7":2,"8":4,"9":2,"10":5,"11":2,"12":2,"13":2},"f":{"0":4,"1":5},"b":{}}
,"/home/sergio/Documentos/CursoProyectosReact/proyectos/StockUp/api/src/server.ts": {"path":"/home/sergio/Documentos/CursoProyectosReact/proyectos/StockUp/api/src/server.ts","statementMap":{"0":{"start":{"line":8,"column":0},"end":{"line":8,"column":7}},"1":{"start":{"line":1,"column":0},"end":{"line":1,"column":29}},"2":{"start":{"line":2,"column":0},"end":{"line":2,"column":29}},"3":{"start":{"line":3,"column":0},"end":{"line":3,"column":28}},"4":{"start":{"line":4,"column":0},"end":{"line":4,"column":27}},"5":{"start":{"line":9,"column":4},"end":{"line":16,"column":5}},"6":{"start":{"line":10,"column":8},"end":{"line":10,"column":32}},"7":{"start":{"line":11,"column":8},"end":{"line":11,"column":18}},"8":{"start":{"line":14,"column":8},"end":{"line":14,"column":null}},"9":{"start":{"line":15,"column":8},"end":{"line":15,"column":null}},"10":{"start":{"line":19,"column":0},"end":{"line":19,"column":null}},"11":{"start":{"line":22,"column":15},"end":{"line":22,"column":24}},"12":{"start":{"line":25,"column":0},"end":{"line":25,"column":null}},"13":{"start":{"line":28,"column":0},"end":{"line":28,"column":null}},"14":{"start":{"line":31,"column":0},"end":{"line":33,"column":null}},"15":{"start":{"line":32,"column":4},"end":{"line":32,"column":null}},"16":{"start":{"line":34,"column":0},"end":{"line":34,"column":null}}},"fnMap":{"0":{"name":"connectionDB","decl":{"start":{"line":8,"column":22},"end":{"line":8,"column":34}},"loc":{"start":{"line":8,"column":34},"end":{"line":17,"column":1}}},"1":{"name":"(anonymous_2)","decl":{"start":{"line":31,"column":19},"end":{"line":31,"column":20}},"loc":{"start":{"line":31,"column":32},"end":{"line":33,"column":1}}}},"branchMap":{},"s":{"0":2,"1":2,"2":2,"3":2,"4":2,"5":3,"6":3,"7":2,"8":1,"9":1,"10":2,"11":2,"12":2,"13":2,"14":2,"15":1,"16":2},"f":{"0":3,"1":1},"b":{}}
,"/home/sergio/Documentos/CursoProyectosReact/proyectos/StockUp/api/src/config/db.ts": {"path":"/home/sergio/Documentos/CursoProyectosReact/proyectos/StockUp/api/src/config/db.ts","statementMap":{"0":{"start":{"line":1,"column":0},"end":{"line":1,"column":49}},"1":{"start":{"line":2,"column":0},"end":{"line":2,"column":27}},"2":{"start":{"line":4,"column":0},"end":{"line":4,"column":null}},"3":{"start":{"line":6,"column":11},"end":{"line":10,"column":null}},"4":{"start":{"line":14,"column":0},"end":{"line":14,"column":null}}},"fnMap":{},"branchMap":{},"s":{"0":2,"1":2,"2":2,"3":2,"4":2},"f":{},"b":{}}
,"/home/sergio/Documentos/CursoProyectosReact/proyectos/StockUp/api/src/controllers/product.ts": {"path":"/home/sergio/Documentos/CursoProyectosReact/proyectos/StockUp/api/src/controllers/product.ts","statementMap":{"0":{"start":{"line":2,"column":0},"end":{"line":2,"column":39}},"1":{"start":{"line":4,"column":27},"end":{"line":16,"column":1}},"2":{"start":{"line":5,"column":4},"end":{"line":15,"column":5}},"3":{"start":{"line":6,"column":25},"end":{"line":10,"column":10}},"4":{"start":{"line":11,"column":8},"end":{"line":11,"column":null}},"5":{"start":{"line":13,"column":8},"end":{"line":13,"column":null}},"6":{"start":{"line":14,"column":8},"end":{"line":14,"column":null}},"7":{"start":{"line":4,"column":13},"end":{"line":4,"column":27}},"8":{"start":{"line":18,"column":30},"end":{"line":32,"column":1}},"9":{"start":{"line":19,"column":19},"end":{"line":19,"column":29}},"10":{"start":{"line":21,"column":4},"end":{"line":31,"column":5}},"11":{"start":{"line":22,"column":24},"end":{"line":22,"column":50}},"12":{"start":{"line":24,"column":8},"end":{"line":26,"column":9}},"13":{"start":{"line":25,"column":12},"end":{"line":25,"column":null}},"14":{"start":{"line":27,"column":8},"end":{"line":27,"column":null}},"15":{"start":{"line":29,"column":8},"end":{"line":29,"column":null}},"16":{"start":{"line":30,"column":8},"end":{"line":30,"column":null}},"17":{"start":{"line":18,"column":13},"end":{"line":18,"column":30}},"18":{"start":{"line":34,"column":29},"end":{"line":51,"column":1}},"19":{"start":{"line":44,"column":4},"end":{"line":50,"column":5}},"20":{"start":{"line":45,"column":30},"end":{"line":45,"column":60}},"21":{"start":{"line":46,"column":8},"end":{"line":46,"column":null}},"22":{"start":{"line":48,"column":8},"end":{"line":48,"column":null}},"23":{"start":{"line":49,"column":8},"end":{"line":49,"column":null}},"24":{"start":{"line":34,"column":13},"end":{"line":34,"column":29}},"25":{"start":{"line":53,"column":29},"end":{"line":73,"column":1}},"26":{"start":{"line":55,"column":19},"end":{"line":55,"column":29}},"27":{"start":{"line":57,"column":4},"end":{"line":72,"column":5}},"28":{"start":{"line":58,"column":24},"end":{"line":58,"column":50}},"29":{"start":{"line":60,"column":8},"end":{"line":62,"column":9}},"30":{"start":{"line":61,"column":12},"end":{"line":61,"column":null}},"31":{"start":{"line":65,"column":8},"end":{"line":65,"column":null}},"32":{"start":{"line":66,"column":32},"end":{"line":66,"column":52}},"33":{"start":{"line":67,"column":8},"end":{"line":67,"column":null}},"34":{"start":{"line":70,"column":8},"end":{"line":70,"column":null}},"35":{"start":{"line":71,"column":8},"end":{"line":71,"column":null}},"36":{"start":{"line":53,"column":13},"end":{"line":53,"column":29}},"37":{"start":{"line":76,"column":31},"end":{"line":96,"column":1}},"38":{"start":{"line":78,"column":19},"end":{"line":78,"column":29}},"39":{"start":{"line":80,"column":4},"end":{"line":95,"column":5}},"40":{"start":{"line":81,"column":24},"end":{"line":81,"column":50}},"41":{"start":{"line":83,"column":8},"end":{"line":85,"column":9}},"42":{"start":{"line":84,"column":12},"end":{"line":84,"column":null}},"43":{"start":{"line":88,"column":8},"end":{"line":88,"column":null}},"44":{"start":{"line":89,"column":32},"end":{"line":89,"column":52}},"45":{"start":{"line":90,"column":8},"end":{"line":90,"column":null}},"46":{"start":{"line":93,"column":8},"end":{"line":93,"column":null}},"47":{"start":{"line":94,"column":8},"end":{"line":94,"column":null}},"48":{"start":{"line":76,"column":13},"end":{"line":76,"column":31}},"49":{"start":{"line":98,"column":29},"end":{"line":119,"column":1}},"50":{"start":{"line":99,"column":17},"end":{"line":99,"column":27}},"51":{"start":{"line":101,"column":4},"end":{"line":118,"column":5}},"52":{"start":{"line":102,"column":24},"end":{"line":102,"column":50}},"53":{"start":{"line":104,"column":8},"end":{"line":106,"column":9}},"54":{"start":{"line":105,"column":12},"end":{"line":105,"column":null}},"55":{"start":{"line":109,"column":8},"end":{"line":109,"column":null}},"56":{"start":{"line":111,"column":8},"end":{"line":113,"column":null}},"57":{"start":{"line":116,"column":8},"end":{"line":116,"column":null}},"58":{"start":{"line":117,"column":8},"end":{"line":117,"column":null}},"59":{"start":{"line":98,"column":13},"end":{"line":98,"column":29}}},"fnMap":{"0":{"name":"(anonymous_1)","decl":{"start":{"line":4,"column":27},"end":{"line":4,"column":32}},"loc":{"start":{"line":4,"column":65},"end":{"line":16,"column":1}}},"1":{"name":"(anonymous_2)","decl":{"start":{"line":18,"column":30},"end":{"line":18,"column":35}},"loc":{"start":{"line":18,"column":68},"end":{"line":32,"column":1}}},"2":{"name":"(anonymous_3)","decl":{"start":{"line":34,"column":29},"end":{"line":34,"column":34}},"loc":{"start":{"line":34,"column":67},"end":{"line":51,"column":1}}},"3":{"name":"(anonymous_4)","decl":{"start":{"line":53,"column":29},"end":{"line":53,"column":34}},"loc":{"start":{"line":53,"column":67},"end":{"line":73,"column":1}}},"4":{"name":"(anonymous_5)","decl":{"start":{"line":76,"column":31},"end":{"line":76,"column":36}},"loc":{"start":{"line":76,"column":69},"end":{"line":96,"column":1}}},"5":{"name":"(anonymous_6)","decl":{"start":{"line":98,"column":29},"end":{"line":98,"column":34}},"loc":{"start":{"line":98,"column":67},"end":{"line":119,"column":1}}}},"branchMap":{"0":{"loc":{"start":{"line":24,"column":8},"end":{"line":26,"column":9}},"type":"if","locations":[{"start":{"line":24,"column":8},"end":{"line":26,"column":9}},{"start":{},"end":{}}]},"1":{"loc":{"start":{"line":60,"column":8},"end":{"line":62,"column":9}},"type":"if","locations":[{"start":{"line":60,"column":8},"end":{"line":62,"column":9}},{"start":{},"end":{}}]},"2":{"loc":{"start":{"line":83,"column":8},"end":{"line":85,"column":9}},"type":"if","locations":[{"start":{"line":83,"column":8},"end":{"line":85,"column":9}},{"start":{},"end":{}}]},"3":{"loc":{"start":{"line":104,"column":8},"end":{"line":106,"column":9}},"type":"if","locations":[{"start":{"line":104,"column":8},"end":{"line":106,"column":9}},{"start":{},"end":{}}]}},"s":{"0":2,"1":2,"2":2,"3":2,"4":2,"5":0,"6":0,"7":2,"8":2,"9":2,"10":2,"11":2,"12":2,"13":1,"14":1,"15":0,"16":0,"17":2,"18":2,"19":1,"20":1,"21":1,"22":0,"23":0,"24":2,"25":2,"26":2,"27":2,"28":2,"29":2,"30":1,"31":1,"32":1,"33":1,"34":0,"35":0,"36":2,"37":2,"38":2,"39":2,"40":2,"41":2,"42":1,"43":1,"44":1,"45":1,"46":0,"47":0,"48":2,"49":2,"50":2,"51":2,"52":2,"53":2,"54":1,"55":1,"56":1,"57":0,"58":0,"59":2},"f":{"0":2,"1":2,"2":1,"3":2,"4":2,"5":2},"b":{"0":[1,1],"1":[1,1],"2":[1,1],"3":[1,1]}}
,"/home/sergio/Documentos/CursoProyectosReact/proyectos/StockUp/api/src/middleware/index.ts": {"path":"/home/sergio/Documentos/CursoProyectosReact/proyectos/StockUp/api/src/middleware/index.ts","statementMap":{"0":{"start":{"line":2,"column":0},"end":{"line":2,"column":52}},"1":{"start":{"line":4,"column":33},"end":{"line":13,"column":1}},"2":{"start":{"line":6,"column":17},"end":{"line":6,"column":38}},"3":{"start":{"line":7,"column":4},"end":{"line":9,"column":5}},"4":{"start":{"line":8,"column":8},"end":{"line":8,"column":null}},"5":{"start":{"line":11,"column":4},"end":{"line":11,"column":null}},"6":{"start":{"line":4,"column":13},"end":{"line":4,"column":33}}},"fnMap":{"0":{"name":"(anonymous_0)","decl":{"start":{"line":4,"column":33},"end":{"line":4,"column":34}},"loc":{"start":{"line":4,"column":85},"end":{"line":13,"column":1}}}},"branchMap":{"0":{"loc":{"start":{"line":7,"column":4},"end":{"line":9,"column":5}},"type":"if","locations":[{"start":{"line":7,"column":4},"end":{"line":9,"column":5}},{"start":{},"end":{}}]}},"s":{"0":2,"1":2,"2":18,"3":18,"4":9,"5":9,"6":2},"f":{"0":18},"b":{"0":[9,9]}}
,"/home/sergio/Documentos/CursoProyectosReact/proyectos/StockUp/api/src/models/Product.ts": {"path":"/home/sergio/Documentos/CursoProyectosReact/proyectos/StockUp/api/src/models/Product.ts","statementMap":{"0":{"start":{"line":1,"column":0},"end":{"line":1,"column":77}},"1":{"start":{"line":7,"column":0},"end":{"line":23,"column":null}},"2":{"start":{"line":11,"column":12},"end":{"line":11,"column":null}},"3":{"start":{"line":16,"column":12},"end":{"line":16,"column":null}},"4":{"start":{"line":22,"column":12},"end":{"line":22,"column":null}},"5":{"start":{"line":7,"column":6},"end":{"line":23,"column":null}},"6":{"start":{"line":25,"column":0},"end":{"line":25,"column":null}}},"fnMap":{},"branchMap":{},"s":{"0":3,"1":3,"2":3,"3":3,"4":3,"5":3,"6":3},"f":{},"b":{}}
}
