TN:
SF:src/router.ts
FN:22,(anonymous_0)
FN:33,(anonymous_1)
FNF:2
FNH:2
FNDA:4,(anonymous_0)
FNDA:5,(anonymous_1)
DA:1,2
DA:3,2
DA:4,2
DA:5,2
DA:7,2
DA:9,2
DA:11,2
DA:16,2
DA:22,4
DA:27,2
DA:33,5
DA:39,2
DA:44,2
DA:50,2
LF:14
LH:14
BRF:0
BRH:0
end_of_record
TN:
SF:src/server.ts
FN:8,connectionDB
FN:31,(anonymous_2)
FNF:2
FNH:2
FNDA:3,connectionDB
FNDA:1,(anonymous_2)
DA:1,2
DA:2,2
DA:3,2
DA:4,2
DA:8,2
DA:9,3
DA:10,3
DA:11,2
DA:14,1
DA:15,1
DA:19,2
DA:22,2
DA:25,2
DA:28,2
DA:31,2
DA:32,1
DA:34,2
LF:17
LH:17
BRF:0
BRH:0
end_of_record
TN:
SF:src/config/db.ts
FNF:0
FNH:0
DA:1,2
DA:2,2
DA:4,2
DA:6,2
DA:14,2
LF:5
LH:5
BRF:0
BRH:0
end_of_record
TN:
SF:src/controllers/product.ts
FN:4,(anonymous_1)
FN:18,(anonymous_2)
FN:34,(anonymous_3)
FN:53,(anonymous_4)
FN:76,(anonymous_5)
FN:98,(anonymous_6)
FNF:6
FNH:6
FNDA:2,(anonymous_1)
FNDA:2,(anonymous_2)
FNDA:1,(anonymous_3)
FNDA:2,(anonymous_4)
FNDA:2,(anonymous_5)
FNDA:2,(anonymous_6)
DA:2,2
DA:4,2
DA:5,2
DA:6,2
DA:11,2
DA:13,0
DA:14,0
DA:18,2
DA:19,2
DA:21,2
DA:22,2
DA:24,2
DA:25,1
DA:27,1
DA:29,0
DA:30,0
DA:34,2
DA:44,1
DA:45,1
DA:46,1
DA:48,0
DA:49,0
DA:53,2
DA:55,2
DA:57,2
DA:58,2
DA:60,2
DA:61,1
DA:65,1
DA:66,1
DA:67,1
DA:70,0
DA:71,0
DA:76,2
DA:78,2
DA:80,2
DA:81,2
DA:83,2
DA:84,1
DA:88,1
DA:89,1
DA:90,1
DA:93,0
DA:94,0
DA:98,2
DA:99,2
DA:101,2
DA:102,2
DA:104,2
DA:105,1
DA:109,1
DA:111,1
DA:116,0
DA:117,0
LF:54
LH:42
BRDA:24,0,0,1
BRDA:24,0,1,1
BRDA:60,1,0,1
BRDA:60,1,1,1
BRDA:83,2,0,1
BRDA:83,2,1,1
BRDA:104,3,0,1
BRDA:104,3,1,1
BRF:8
BRH:8
end_of_record
TN:
SF:src/middleware/index.ts
FN:4,(anonymous_0)
FNF:1
FNH:1
FNDA:18,(anonymous_0)
DA:2,2
DA:4,2
DA:6,18
DA:7,18
DA:8,9
DA:11,9
LF:6
LH:6
BRDA:7,0,0,9
BRDA:7,0,1,9
BRF:2
BRH:2
end_of_record
TN:
SF:src/models/Product.ts
FNF:0
FNH:0
DA:1,3
DA:7,3
DA:11,3
DA:16,3
DA:22,3
DA:25,3
LF:6
LH:6
BRF:0
BRH:0
end_of_record
